mode: atomic
github.com/justinclev/slow-your-roll/algorithm/slidingwindowcounter/slidingwindowcounter.go:26.23,26.46 1 9
github.com/justinclev/slow-your-roll/algorithm/slidingwindowcounter/slidingwindowcounter.go:34.26,35.47 1 40
github.com/justinclev/slow-your-roll/algorithm/slidingwindowcounter/slidingwindowcounter.go:35.47,37.90 2 37
github.com/justinclev/slow-your-roll/algorithm/slidingwindowcounter/slidingwindowcounter.go:37.90,41.4 3 37
github.com/justinclev/slow-your-roll/algorithm/slidingwindowcounter/slidingwindowcounter.go:42.3,42.21 1 37
github.com/justinclev/slow-your-roll/algorithm/slidingwindowcounter/slidingwindowcounter.go:45.2,46.16 2 3
github.com/justinclev/slow-your-roll/algorithm/slidingwindowcounter/slidingwindowcounter.go:46.16,48.3 1 1
github.com/justinclev/slow-your-roll/algorithm/slidingwindowcounter/slidingwindowcounter.go:49.2,50.16 2 2
github.com/justinclev/slow-your-roll/algorithm/slidingwindowcounter/slidingwindowcounter.go:50.16,52.3 1 1
github.com/justinclev/slow-your-roll/algorithm/slidingwindowcounter/slidingwindowcounter.go:53.2,53.46 1 1
github.com/justinclev/slow-your-roll/algorithm/slidingwindowcounter/slidingwindowcounter.go:56.120,58.11 2 39
github.com/justinclev/slow-your-roll/algorithm/slidingwindowcounter/slidingwindowcounter.go:58.11,59.56 1 32
github.com/justinclev/slow-your-roll/algorithm/slidingwindowcounter/slidingwindowcounter.go:59.56,61.4 1 1
github.com/justinclev/slow-your-roll/algorithm/slidingwindowcounter/slidingwindowcounter.go:62.3,63.29 2 31
github.com/justinclev/slow-your-roll/algorithm/slidingwindowcounter/slidingwindowcounter.go:63.29,65.34 2 2
github.com/justinclev/slow-your-roll/algorithm/slidingwindowcounter/slidingwindowcounter.go:65.34,67.5 1 1
github.com/justinclev/slow-your-roll/algorithm/slidingwindowcounter/slidingwindowcounter.go:67.10,71.5 3 1
github.com/justinclev/slow-your-roll/algorithm/slidingwindowcounter/slidingwindowcounter.go:73.8,75.3 1 7
github.com/justinclev/slow-your-roll/algorithm/slidingwindowcounter/slidingwindowcounter.go:77.2,79.16 3 38
github.com/justinclev/slow-your-roll/algorithm/slidingwindowcounter/slidingwindowcounter.go:79.16,81.3 1 0
github.com/justinclev/slow-your-roll/algorithm/slidingwindowcounter/slidingwindowcounter.go:82.2,85.13 3 38
github.com/justinclev/slow-your-roll/algorithm/slidingwindowcounter/slidingwindowcounter.go:85.13,88.3 2 29
github.com/justinclev/slow-your-roll/algorithm/slidingwindowcounter/slidingwindowcounter.go:90.2,91.16 2 38
github.com/justinclev/slow-your-roll/algorithm/slidingwindowcounter/slidingwindowcounter.go:91.16,93.3 1 0
github.com/justinclev/slow-your-roll/algorithm/slidingwindowcounter/slidingwindowcounter.go:95.2,99.19 4 38
github.com/justinclev/slow-your-roll/algorithm/slidingwindowcounter/slidingwindowcounter.go:99.19,101.3 1 0
github.com/justinclev/slow-your-roll/algorithm/slidingwindowcounter/slidingwindowcounter.go:102.2,107.14 2 38
github.com/justinclev/slow-your-roll/algorithm/slidingwindowcounter/slidingwindowcounter.go:107.14,109.21 2 9
github.com/justinclev/slow-your-roll/algorithm/slidingwindowcounter/slidingwindowcounter.go:109.21,111.4 1 0
github.com/justinclev/slow-your-roll/algorithm/slidingwindowcounter/slidingwindowcounter.go:112.3,112.33 1 9
github.com/justinclev/slow-your-roll/algorithm/slidingwindowcounter/slidingwindowcounter.go:114.2,114.30 1 38
github.com/justinclev/slow-your-roll/algorithm/fixedwindow/fixedwindow.go:20.23,20.46 1 8
github.com/justinclev/slow-your-roll/algorithm/fixedwindow/fixedwindow.go:28.26,29.47 1 19
github.com/justinclev/slow-your-roll/algorithm/fixedwindow/fixedwindow.go:29.47,31.90 2 16
github.com/justinclev/slow-your-roll/algorithm/fixedwindow/fixedwindow.go:31.90,35.4 3 16
github.com/justinclev/slow-your-roll/algorithm/fixedwindow/fixedwindow.go:36.3,36.21 1 16
github.com/justinclev/slow-your-roll/algorithm/fixedwindow/fixedwindow.go:39.2,40.16 2 3
github.com/justinclev/slow-your-roll/algorithm/fixedwindow/fixedwindow.go:40.16,42.3 1 1
github.com/justinclev/slow-your-roll/algorithm/fixedwindow/fixedwindow.go:43.2,44.16 2 2
github.com/justinclev/slow-your-roll/algorithm/fixedwindow/fixedwindow.go:44.16,46.3 1 1
github.com/justinclev/slow-your-roll/algorithm/fixedwindow/fixedwindow.go:47.2,47.46 1 1
github.com/justinclev/slow-your-roll/algorithm/fixedwindow/fixedwindow.go:50.120,52.11 2 18
github.com/justinclev/slow-your-roll/algorithm/fixedwindow/fixedwindow.go:52.11,53.56 1 12
github.com/justinclev/slow-your-roll/algorithm/fixedwindow/fixedwindow.go:53.56,55.4 1 1
github.com/justinclev/slow-your-roll/algorithm/fixedwindow/fixedwindow.go:56.3,57.29 2 11
github.com/justinclev/slow-your-roll/algorithm/fixedwindow/fixedwindow.go:57.29,59.4 1 1
github.com/justinclev/slow-your-roll/algorithm/fixedwindow/fixedwindow.go:60.8,62.3 1 6
github.com/justinclev/slow-your-roll/algorithm/fixedwindow/fixedwindow.go:64.2,65.13 2 17
github.com/justinclev/slow-your-roll/algorithm/fixedwindow/fixedwindow.go:65.13,67.3 1 11
github.com/justinclev/slow-your-roll/algorithm/fixedwindow/fixedwindow.go:69.2,70.16 2 17
github.com/justinclev/slow-your-roll/algorithm/fixedwindow/fixedwindow.go:70.16,72.3 1 0
github.com/justinclev/slow-your-roll/algorithm/fixedwindow/fixedwindow.go:74.2,78.19 4 17
github.com/justinclev/slow-your-roll/algorithm/fixedwindow/fixedwindow.go:78.19,80.3 1 0
github.com/justinclev/slow-your-roll/algorithm/fixedwindow/fixedwindow.go:81.2,86.14 2 17
github.com/justinclev/slow-your-roll/algorithm/fixedwindow/fixedwindow.go:86.14,88.3 1 6
github.com/justinclev/slow-your-roll/algorithm/fixedwindow/fixedwindow.go:89.2,89.30 1 17
github.com/justinclev/slow-your-roll/algorithm/tokenbucket/tokenbucket.go:21.23,21.46 1 8
github.com/justinclev/slow-your-roll/algorithm/tokenbucket/tokenbucket.go:29.26,30.47 1 27
github.com/justinclev/slow-your-roll/algorithm/tokenbucket/tokenbucket.go:30.47,32.90 2 24
github.com/justinclev/slow-your-roll/algorithm/tokenbucket/tokenbucket.go:32.90,36.4 3 24
github.com/justinclev/slow-your-roll/algorithm/tokenbucket/tokenbucket.go:37.3,37.21 1 24
github.com/justinclev/slow-your-roll/algorithm/tokenbucket/tokenbucket.go:40.2,41.16 2 3
github.com/justinclev/slow-your-roll/algorithm/tokenbucket/tokenbucket.go:41.16,43.3 1 1
github.com/justinclev/slow-your-roll/algorithm/tokenbucket/tokenbucket.go:44.2,45.16 2 2
github.com/justinclev/slow-your-roll/algorithm/tokenbucket/tokenbucket.go:45.16,47.3 1 1
github.com/justinclev/slow-your-roll/algorithm/tokenbucket/tokenbucket.go:48.2,48.46 1 1
github.com/justinclev/slow-your-roll/algorithm/tokenbucket/tokenbucket.go:51.120,53.11 2 26
github.com/justinclev/slow-your-roll/algorithm/tokenbucket/tokenbucket.go:53.11,54.56 1 20
github.com/justinclev/slow-your-roll/algorithm/tokenbucket/tokenbucket.go:54.56,56.4 1 1
github.com/justinclev/slow-your-roll/algorithm/tokenbucket/tokenbucket.go:57.3,58.18 2 19
github.com/justinclev/slow-your-roll/algorithm/tokenbucket/tokenbucket.go:58.18,60.4 1 1
github.com/justinclev/slow-your-roll/algorithm/tokenbucket/tokenbucket.go:61.3,62.70 2 19
github.com/justinclev/slow-your-roll/algorithm/tokenbucket/tokenbucket.go:63.8,65.3 1 6
github.com/justinclev/slow-your-roll/algorithm/tokenbucket/tokenbucket.go:66.2,69.13 3 25
github.com/justinclev/slow-your-roll/algorithm/tokenbucket/tokenbucket.go:69.13,71.3 1 19
github.com/justinclev/slow-your-roll/algorithm/tokenbucket/tokenbucket.go:73.2,74.16 2 25
github.com/justinclev/slow-your-roll/algorithm/tokenbucket/tokenbucket.go:74.16,76.3 1 0
github.com/justinclev/slow-your-roll/algorithm/tokenbucket/tokenbucket.go:78.2,81.19 3 25
github.com/justinclev/slow-your-roll/algorithm/tokenbucket/tokenbucket.go:81.19,83.3 1 0
github.com/justinclev/slow-your-roll/algorithm/tokenbucket/tokenbucket.go:84.2,89.14 2 25
github.com/justinclev/slow-your-roll/algorithm/tokenbucket/tokenbucket.go:89.14,93.3 3 6
github.com/justinclev/slow-your-roll/algorithm/tokenbucket/tokenbucket.go:94.2,94.30 1 25
github.com/justinclev/slow-your-roll/algorithm/slidingwindowlog/slidingwindowlog.go:21.23,21.46 1 8
github.com/justinclev/slow-your-roll/algorithm/slidingwindowlog/slidingwindowlog.go:29.26,30.47 1 20
github.com/justinclev/slow-your-roll/algorithm/slidingwindowlog/slidingwindowlog.go:30.47,32.90 2 17
github.com/justinclev/slow-your-roll/algorithm/slidingwindowlog/slidingwindowlog.go:32.90,36.4 3 17
github.com/justinclev/slow-your-roll/algorithm/slidingwindowlog/slidingwindowlog.go:37.3,37.21 1 17
github.com/justinclev/slow-your-roll/algorithm/slidingwindowlog/slidingwindowlog.go:40.2,41.16 2 3
github.com/justinclev/slow-your-roll/algorithm/slidingwindowlog/slidingwindowlog.go:41.16,43.3 1 1
github.com/justinclev/slow-your-roll/algorithm/slidingwindowlog/slidingwindowlog.go:44.2,45.16 2 2
github.com/justinclev/slow-your-roll/algorithm/slidingwindowlog/slidingwindowlog.go:45.16,47.3 1 1
github.com/justinclev/slow-your-roll/algorithm/slidingwindowlog/slidingwindowlog.go:48.2,48.46 1 1
github.com/justinclev/slow-your-roll/algorithm/slidingwindowlog/slidingwindowlog.go:51.120,53.11 2 19
github.com/justinclev/slow-your-roll/algorithm/slidingwindowlog/slidingwindowlog.go:53.11,54.56 1 12
github.com/justinclev/slow-your-roll/algorithm/slidingwindowlog/slidingwindowlog.go:54.56,56.4 1 1
github.com/justinclev/slow-your-roll/algorithm/slidingwindowlog/slidingwindowlog.go:59.2,62.34 3 18
github.com/justinclev/slow-your-roll/algorithm/slidingwindowlog/slidingwindowlog.go:62.34,63.18 1 18
github.com/justinclev/slow-your-roll/algorithm/slidingwindowlog/slidingwindowlog.go:63.18,65.4 1 16
github.com/justinclev/slow-your-roll/algorithm/slidingwindowlog/slidingwindowlog.go:67.2,70.13 3 18
github.com/justinclev/slow-your-roll/algorithm/slidingwindowlog/slidingwindowlog.go:70.13,72.3 1 13
github.com/justinclev/slow-your-roll/algorithm/slidingwindowlog/slidingwindowlog.go:74.2,75.16 2 18
github.com/justinclev/slow-your-roll/algorithm/slidingwindowlog/slidingwindowlog.go:75.16,77.3 1 0
github.com/justinclev/slow-your-roll/algorithm/slidingwindowlog/slidingwindowlog.go:79.2,82.19 3 18
github.com/justinclev/slow-your-roll/algorithm/slidingwindowlog/slidingwindowlog.go:82.19,84.3 1 0
github.com/justinclev/slow-your-roll/algorithm/slidingwindowlog/slidingwindowlog.go:86.2,88.27 3 18
github.com/justinclev/slow-your-roll/algorithm/slidingwindowlog/slidingwindowlog.go:88.27,91.15 3 18
github.com/justinclev/slow-your-roll/algorithm/slidingwindowlog/slidingwindowlog.go:91.15,93.22 2 5
github.com/justinclev/slow-your-roll/algorithm/slidingwindowlog/slidingwindowlog.go:93.22,95.5 1 0
github.com/justinclev/slow-your-roll/algorithm/slidingwindowlog/slidingwindowlog.go:97.8,99.3 1 0
github.com/justinclev/slow-your-roll/algorithm/slidingwindowlog/slidingwindowlog.go:101.2,106.8 1 18
github.com/justinclev/slow-your-roll/domain/key.go:14.38,15.34 1 4
github.com/justinclev/slow-your-roll/domain/key.go:15.34,17.3 1 3
github.com/justinclev/slow-your-roll/domain/key.go:18.2,18.22 1 1
github.com/justinclev/slow-your-roll/domain/key.go:22.38,24.2 1 3
github.com/justinclev/slow-your-roll/domain/policy.go:24.76,25.16 1 19
github.com/justinclev/slow-your-roll/domain/policy.go:25.16,27.3 1 2
github.com/justinclev/slow-your-roll/domain/policy.go:28.2,28.17 1 17
github.com/justinclev/slow-your-roll/domain/policy.go:28.17,30.3 1 3
github.com/justinclev/slow-your-roll/domain/policy.go:31.2,31.19 1 14
github.com/justinclev/slow-your-roll/domain/policy.go:31.19,33.3 1 3
github.com/justinclev/slow-your-roll/domain/policy.go:34.2,34.64 1 11
github.com/justinclev/slow-your-roll/domain/policy.go:37.40,37.58 1 3
github.com/justinclev/slow-your-roll/domain/policy.go:38.40,38.59 1 3
github.com/justinclev/slow-your-roll/domain/policy.go:39.40,39.58 1 4
github.com/justinclev/slow-your-roll/domain/policy.go:42.54,44.2 1 2
github.com/justinclev/slow-your-roll/domain/policy.go:47.66,49.2 1 2
github.com/justinclev/slow-your-roll/domain/policy.go:52.54,54.2 1 2
github.com/justinclev/slow-your-roll/internal/testclock/testclock.go:14.36,14.67 1 3
github.com/justinclev/slow-your-roll/internal/testclock/testclock.go:16.33,20.2 3 3
github.com/justinclev/slow-your-roll/internal/testclock/testclock.go:22.42,26.2 3 3
github.com/justinclev/slow-your-roll/clock/real.go:8.29,8.50 1 1
github.com/justinclev/slow-your-roll/internal/testerrors/testerrors.go:20.82,22.2 1 1
github.com/justinclev/slow-your-roll/internal/testerrors/testerrors.go:23.76,23.90 1 1
github.com/justinclev/slow-your-roll/internal/testerrors/testerrors.go:24.76,24.90 1 1
github.com/justinclev/slow-your-roll/internal/testerrors/testerrors.go:29.82,31.2 1 1
github.com/justinclev/slow-your-roll/internal/testerrors/testerrors.go:32.76,34.2 1 1
github.com/justinclev/slow-your-roll/internal/testerrors/testerrors.go:35.63,35.77 1 1
github.com/justinclev/slow-your-roll/internal/testerrors/testerrors.go:40.86,42.2 1 1
github.com/justinclev/slow-your-roll/internal/testerrors/testerrors.go:43.80,43.94 1 1
github.com/justinclev/slow-your-roll/internal/testerrors/testerrors.go:44.80,44.94 1 1
github.com/justinclev/slow-your-roll/limiter/limiter.go:23.38,24.26 1 1
github.com/justinclev/slow-your-roll/limiter/limiter.go:24.26,24.41 1 1
github.com/justinclev/slow-your-roll/limiter/limiter.go:29.100,30.17 1 7
github.com/justinclev/slow-your-roll/limiter/limiter.go:30.17,31.50 1 1
github.com/justinclev/slow-your-roll/limiter/limiter.go:33.2,33.18 1 6
github.com/justinclev/slow-your-roll/limiter/limiter.go:33.18,34.46 1 1
github.com/justinclev/slow-your-roll/limiter/limiter.go:36.2,42.27 2 5
github.com/justinclev/slow-your-roll/limiter/limiter.go:42.27,44.3 1 1
github.com/justinclev/slow-your-roll/limiter/limiter.go:45.2,45.10 1 5
github.com/justinclev/slow-your-roll/limiter/limiter.go:49.85,51.2 1 3
github.com/justinclev/slow-your-roll/limiter/limiter.go:55.68,57.2 1 1
github.com/justinclev/slow-your-roll/limiter/limiter.go:60.42,62.2 1 1
github.com/justinclev/slow-your-roll/metrics/prometheus.go:26.90,27.18 1 11
github.com/justinclev/slow-your-roll/metrics/prometheus.go:27.18,28.64 1 1
github.com/justinclev/slow-your-roll/metrics/prometheus.go:31.2,57.81 5 10
github.com/justinclev/slow-your-roll/metrics/prometheus.go:57.81,58.41 1 37
github.com/justinclev/slow-your-roll/metrics/prometheus.go:58.41,60.4 1 1
github.com/justinclev/slow-your-roll/metrics/prometheus.go:63.2,69.8 1 9
github.com/justinclev/slow-your-roll/metrics/prometheus.go:79.26,87.16 6 8
github.com/justinclev/slow-your-roll/metrics/prometheus.go:87.16,89.3 1 2
github.com/justinclev/slow-your-roll/metrics/prometheus.go:90.2,90.20 1 6
github.com/justinclev/slow-your-roll/metrics/prometheus.go:90.20,92.3 1 5
github.com/justinclev/slow-your-roll/metrics/prometheus.go:92.8,94.3 1 1
github.com/justinclev/slow-your-roll/metrics/prometheus.go:95.2,96.20 2 6
github.com/justinclev/slow-your-roll/metrics/prometheus.go:101.39,103.40 2 8
github.com/justinclev/slow-your-roll/metrics/prometheus.go:103.40,105.3 1 7
github.com/justinclev/slow-your-roll/metrics/prometheus.go:106.2,106.10 1 1
github.com/justinclev/slow-your-roll/middleware/http.go:19.53,21.16 2 2
github.com/justinclev/slow-your-roll/middleware/http.go:21.16,23.3 1 1
github.com/justinclev/slow-your-roll/middleware/http.go:24.2,24.28 1 2
github.com/justinclev/slow-your-roll/middleware/http.go:30.43,31.51 1 2
github.com/justinclev/slow-your-roll/middleware/http.go:31.51,33.3 1 2
github.com/justinclev/slow-your-roll/middleware/http.go:46.46,47.32 1 1
github.com/justinclev/slow-your-roll/middleware/http.go:47.32,47.51 1 1
github.com/justinclev/slow-your-roll/middleware/http.go:54.104,56.27 2 10
github.com/justinclev/slow-your-roll/middleware/http.go:56.27,58.3 1 1
github.com/justinclev/slow-your-roll/middleware/http.go:59.2,59.46 1 10
github.com/justinclev/slow-your-roll/middleware/http.go:59.46,60.72 1 10
github.com/justinclev/slow-your-roll/middleware/http.go:60.72,62.18 2 10
github.com/justinclev/slow-your-roll/middleware/http.go:62.18,65.5 2 1
github.com/justinclev/slow-your-roll/middleware/http.go:66.4,67.18 2 9
github.com/justinclev/slow-your-roll/middleware/http.go:67.18,71.5 2 1
github.com/justinclev/slow-your-roll/middleware/http.go:72.4,73.23 2 8
github.com/justinclev/slow-your-roll/middleware/http.go:73.23,76.5 2 5
github.com/justinclev/slow-your-roll/middleware/http.go:77.4,77.24 1 3
github.com/justinclev/slow-your-roll/middleware/http.go:84.93,87.30 3 8
github.com/justinclev/slow-your-roll/middleware/http.go:87.30,89.3 1 1
github.com/justinclev/slow-your-roll/middleware/http.go:92.84,95.49 2 4
github.com/justinclev/slow-your-roll/middleware/http.go:95.49,97.3 1 1
github.com/justinclev/slow-your-roll/middleware/http.go:98.2,99.68 2 4
github.com/justinclev/slow-your-roll/store/memory/memory.go:29.19,37.2 3 14
github.com/justinclev/slow-your-roll/store/memory/memory.go:41.48,41.64 1 10
github.com/justinclev/slow-your-roll/store/memory/memory.go:44.25,46.2 1 3
github.com/justinclev/slow-your-roll/store/memory/memory.go:48.86,52.41 4 9
github.com/justinclev/slow-your-roll/store/memory/memory.go:52.41,54.3 1 4
github.com/justinclev/slow-your-roll/store/memory/memory.go:55.2,55.27 1 5
github.com/justinclev/slow-your-roll/store/memory/memory.go:58.84,63.2 4 11
github.com/justinclev/slow-your-roll/store/memory/memory.go:65.67,70.2 4 2
github.com/justinclev/slow-your-roll/store/memory/memory.go:75.120,82.41 6 4
github.com/justinclev/slow-your-roll/store/memory/memory.go:82.41,85.3 2 2
github.com/justinclev/slow-your-roll/store/memory/memory.go:87.2,88.16 2 4
github.com/justinclev/slow-your-roll/store/memory/memory.go:88.16,90.3 1 1
github.com/justinclev/slow-your-roll/store/memory/memory.go:91.2,92.12 2 3
github.com/justinclev/slow-your-roll/store/memory/memory.go:95.30,98.6 3 14
github.com/justinclev/slow-your-roll/store/memory/memory.go:98.6,99.10 1 14
github.com/justinclev/slow-your-roll/store/memory/memory.go:100.14,101.20 1 0
github.com/justinclev/slow-your-roll/store/memory/memory.go:102.19,103.10 1 3
github.com/justinclev/slow-your-roll/store/memory/memory.go:108.32,111.30 3 2
github.com/justinclev/slow-your-roll/store/memory/memory.go:111.30,112.29 1 2
github.com/justinclev/slow-your-roll/store/memory/memory.go:112.29,114.4 1 1
github.com/justinclev/slow-your-roll/store/memory/memory.go:116.2,116.15 1 2
github.com/justinclev/slow-your-roll/store/redis/redis.go:34.62,35.19 1 13
github.com/justinclev/slow-your-roll/store/redis/redis.go:35.19,36.53 1 1
github.com/justinclev/slow-your-roll/store/redis/redis.go:38.2,38.47 1 12
github.com/justinclev/slow-your-roll/store/redis/redis.go:41.43,43.2 1 22
github.com/justinclev/slow-your-roll/store/redis/redis.go:45.86,47.31 2 9
github.com/justinclev/slow-your-roll/store/redis/redis.go:47.31,49.3 1 3
github.com/justinclev/slow-your-roll/store/redis/redis.go:50.2,50.16 1 6
github.com/justinclev/slow-your-roll/store/redis/redis.go:50.16,52.3 1 0
github.com/justinclev/slow-your-roll/store/redis/redis.go:54.2,55.49 2 6
github.com/justinclev/slow-your-roll/store/redis/redis.go:55.49,57.3 1 1
github.com/justinclev/slow-your-roll/store/redis/redis.go:58.2,58.72 1 5
github.com/justinclev/slow-your-roll/store/redis/redis.go:61.84,64.16 3 7
github.com/justinclev/slow-your-roll/store/redis/redis.go:64.16,66.3 1 0
github.com/justinclev/slow-your-roll/store/redis/redis.go:67.2,68.14 2 7
github.com/justinclev/slow-your-roll/store/redis/redis.go:68.14,70.3 1 1
github.com/justinclev/slow-your-roll/store/redis/redis.go:71.2,71.55 1 7
github.com/justinclev/slow-your-roll/store/redis/redis.go:74.67,76.2 1 2
github.com/justinclev/slow-your-roll/store/redis/redis.go:82.120,84.6 2 4
github.com/justinclev/slow-your-roll/store/redis/redis.go:84.6,85.55 1 4
github.com/justinclev/slow-your-roll/store/redis/redis.go:85.55,89.21 4 4
github.com/justinclev/slow-your-roll/store/redis/redis.go:89.21,91.60 2 3
github.com/justinclev/slow-your-roll/store/redis/redis.go:91.60,93.6 1 1
github.com/justinclev/slow-your-roll/store/redis/redis.go:94.5,95.17 2 2
github.com/justinclev/slow-your-roll/store/redis/redis.go:96.10,96.44 1 1
github.com/justinclev/slow-your-roll/store/redis/redis.go:96.44,98.5 1 0
github.com/justinclev/slow-your-roll/store/redis/redis.go:100.4,101.20 2 3
github.com/justinclev/slow-your-roll/store/redis/redis.go:101.20,103.5 1 1
github.com/justinclev/slow-your-roll/store/redis/redis.go:105.4,107.25 3 2
github.com/justinclev/slow-your-roll/store/redis/redis.go:107.25,109.5 1 0
github.com/justinclev/slow-your-roll/store/redis/redis.go:110.4,111.16 2 2
github.com/justinclev/slow-your-roll/store/redis/redis.go:111.16,113.5 1 0
github.com/justinclev/slow-your-roll/store/redis/redis.go:115.4,115.71 1 2
github.com/justinclev/slow-your-roll/store/redis/redis.go:115.71,117.5 1 2
github.com/justinclev/slow-your-roll/store/redis/redis.go:118.4,118.18 1 2
github.com/justinclev/slow-your-roll/store/redis/redis.go:121.3,121.40 1 4
github.com/justinclev/slow-your-roll/store/redis/redis.go:121.40,122.12 1 0
github.com/justinclev/slow-your-roll/store/redis/redis.go:124.3,124.13 1 4
